{"/Users/dougalcantara/dev/website-toolbox/src/Component.js": {"path":"/Users/dougalcantara/dev/website-toolbox/src/Component.js","statementMap":{"0":{"start":{"line":9,"column":2},"end":{"line":9,"column":72}},"1":{"start":{"line":9,"column":43},"end":{"line":9,"column":69}},"2":{"start":{"line":11,"column":2},"end":{"line":14,"column":3}},"3":{"start":{"line":13,"column":4},"end":{"line":13,"column":50}},"4":{"start":{"line":16,"column":19},"end":{"line":20,"column":3}},"5":{"start":{"line":23,"column":2},"end":{"line":25,"column":3}},"6":{"start":{"line":24,"column":4},"end":{"line":24,"column":78}},"7":{"start":{"line":27,"column":2},"end":{"line":29,"column":3}},"8":{"start":{"line":28,"column":4},"end":{"line":28,"column":52}},"9":{"start":{"line":31,"column":2},"end":{"line":33,"column":3}},"10":{"start":{"line":32,"column":4},"end":{"line":32,"column":61}},"11":{"start":{"line":35,"column":2},"end":{"line":37,"column":3}},"12":{"start":{"line":36,"column":4},"end":{"line":36,"column":33}},"13":{"start":{"line":39,"column":2},"end":{"line":47,"column":4}},"14":{"start":{"line":40,"column":4},"end":{"line":40,"column":31}},"15":{"start":{"line":42,"column":4},"end":{"line":42,"column":27}},"16":{"start":{"line":44,"column":4},"end":{"line":44,"column":39}},"17":{"start":{"line":46,"column":4},"end":{"line":46,"column":16}}},"fnMap":{"0":{"name":"Component","decl":{"start":{"line":4,"column":24},"end":{"line":4,"column":33}},"loc":{"start":{"line":4,"column":45},"end":{"line":48,"column":1}},"line":4},"1":{"name":"(anonymous_1)","decl":{"start":{"line":9,"column":33},"end":{"line":9,"column":34}},"loc":{"start":{"line":9,"column":43},"end":{"line":9,"column":69}},"line":9},"2":{"name":"(anonymous_2)","decl":{"start":{"line":39,"column":9},"end":{"line":39,"column":10}},"loc":{"start":{"line":39,"column":24},"end":{"line":47,"column":3}},"line":39},"3":{"name":"(anonymous_3)","decl":{"start":{"line":42,"column":18},"end":{"line":42,"column":19}},"loc":{"start":{"line":42,"column":24},"end":{"line":42,"column":26}},"line":42}},"branchMap":{"0":{"loc":{"start":{"line":11,"column":2},"end":{"line":14,"column":3}},"type":"if","locations":[{"start":{"line":11,"column":2},"end":{"line":14,"column":3}},{"start":{"line":11,"column":2},"end":{"line":14,"column":3}}],"line":11},"1":{"loc":{"start":{"line":23,"column":2},"end":{"line":25,"column":3}},"type":"if","locations":[{"start":{"line":23,"column":2},"end":{"line":25,"column":3}},{"start":{"line":23,"column":2},"end":{"line":25,"column":3}}],"line":23},"2":{"loc":{"start":{"line":27,"column":2},"end":{"line":29,"column":3}},"type":"if","locations":[{"start":{"line":27,"column":2},"end":{"line":29,"column":3}},{"start":{"line":27,"column":2},"end":{"line":29,"column":3}}],"line":27},"3":{"loc":{"start":{"line":31,"column":2},"end":{"line":33,"column":3}},"type":"if","locations":[{"start":{"line":31,"column":2},"end":{"line":33,"column":3}},{"start":{"line":31,"column":2},"end":{"line":33,"column":3}}],"line":31},"4":{"loc":{"start":{"line":35,"column":2},"end":{"line":37,"column":3}},"type":"if","locations":[{"start":{"line":35,"column":2},"end":{"line":37,"column":3}},{"start":{"line":35,"column":2},"end":{"line":37,"column":3}}],"line":35}},"s":{"0":4,"1":22,"2":4,"3":4,"4":4,"5":4,"6":4,"7":4,"8":2,"9":4,"10":4,"11":4,"12":2,"13":4,"14":7,"15":7,"16":7,"17":7},"f":{"0":4,"1":22,"2":7,"3":0},"b":{"0":[4,0],"1":[4,0],"2":[2,2],"3":[4,0],"4":[2,2]},"_coverageSchema":"1a1c01bbd47fc00a2c39e90264f33305004495a9","hash":"48edc46b9509226564705b1c556c9c9e1f064aea"}
,"/Users/dougalcantara/dev/website-toolbox/src/Container.js": {"path":"/Users/dougalcantara/dev/website-toolbox/src/Container.js","statementMap":{"0":{"start":{"line":4,"column":2},"end":{"line":4,"column":41}},"1":{"start":{"line":5,"column":2},"end":{"line":5,"column":23}},"2":{"start":{"line":7,"column":2},"end":{"line":7,"column":70}},"3":{"start":{"line":8,"column":2},"end":{"line":8,"column":67}},"4":{"start":{"line":8,"column":50},"end":{"line":8,"column":65}},"5":{"start":{"line":10,"column":2},"end":{"line":18,"column":4}},"6":{"start":{"line":12,"column":6},"end":{"line":16,"column":80}},"7":{"start":{"line":14,"column":31},"end":{"line":14,"column":63}},"8":{"start":{"line":16,"column":32},"end":{"line":16,"column":78}},"9":{"start":{"line":20,"column":2},"end":{"line":27,"column":4}},"10":{"start":{"line":21,"column":4},"end":{"line":23,"column":5}},"11":{"start":{"line":22,"column":6},"end":{"line":22,"column":38}},"12":{"start":{"line":26,"column":4},"end":{"line":26,"column":25}},"13":{"start":{"line":29,"column":2},"end":{"line":29,"column":14}}},"fnMap":{"0":{"name":"Container","decl":{"start":{"line":3,"column":24},"end":{"line":3,"column":33}},"loc":{"start":{"line":3,"column":64},"end":{"line":30,"column":1}},"line":3},"1":{"name":"(anonymous_1)","decl":{"start":{"line":8,"column":35},"end":{"line":8,"column":36}},"loc":{"start":{"line":8,"column":50},"end":{"line":8,"column":65}},"line":8},"2":{"name":"(anonymous_2)","decl":{"start":{"line":11,"column":4},"end":{"line":11,"column":5}},"loc":{"start":{"line":11,"column":14},"end":{"line":17,"column":5}},"line":11},"3":{"name":"(anonymous_3)","decl":{"start":{"line":14,"column":16},"end":{"line":14,"column":17}},"loc":{"start":{"line":14,"column":31},"end":{"line":14,"column":63}},"line":14},"4":{"name":"(anonymous_4)","decl":{"start":{"line":16,"column":17},"end":{"line":16,"column":18}},"loc":{"start":{"line":16,"column":32},"end":{"line":16,"column":78}},"line":16},"5":{"name":"(anonymous_5)","decl":{"start":{"line":20,"column":18},"end":{"line":20,"column":19}},"loc":{"start":{"line":20,"column":36},"end":{"line":27,"column":3}},"line":20}},"branchMap":{"0":{"loc":{"start":{"line":3,"column":34},"end":{"line":3,"column":49}},"type":"default-arg","locations":[{"start":{"line":3,"column":47},"end":{"line":3,"column":49}}],"line":3},"1":{"loc":{"start":{"line":3,"column":51},"end":{"line":3,"column":62}},"type":"default-arg","locations":[{"start":{"line":3,"column":60},"end":{"line":3,"column":62}}],"line":3},"2":{"loc":{"start":{"line":4,"column":22},"end":{"line":4,"column":40}},"type":"binary-expr","locations":[{"start":{"line":4,"column":22},"end":{"line":4,"column":34}},{"start":{"line":4,"column":38},"end":{"line":4,"column":40}}],"line":4},"3":{"loc":{"start":{"line":26,"column":4},"end":{"line":26,"column":24}},"type":"binary-expr","locations":[{"start":{"line":26,"column":4},"end":{"line":26,"column":6}},{"start":{"line":26,"column":10},"end":{"line":26,"column":24}}],"line":26}},"s":{"0":2,"1":2,"2":2,"3":2,"4":4,"5":2,"6":2,"7":4,"8":2,"9":2,"10":2,"11":2,"12":2,"13":2},"f":{"0":2,"1":4,"2":2,"3":4,"4":2,"5":2},"b":{"0":[0],"1":[0],"2":[2,0],"3":[2,2]},"_coverageSchema":"1a1c01bbd47fc00a2c39e90264f33305004495a9","hash":"66d9825bdead692ddc249e1a5da66f2c12891153"}
,"/Users/dougalcantara/dev/website-toolbox/src/interceptors.js": {"path":"/Users/dougalcantara/dev/website-toolbox/src/interceptors.js","statementMap":{"0":{"start":{"line":2,"column":26},"end":{"line":2,"column":35}},"1":{"start":{"line":4,"column":22},"end":{"line":22,"column":3}},"2":{"start":{"line":6,"column":22},"end":{"line":6,"column":33}},"3":{"start":{"line":8,"column":6},"end":{"line":14,"column":7}},"4":{"start":{"line":9,"column":8},"end":{"line":13,"column":10}},"5":{"start":{"line":16,"column":6},"end":{"line":18,"column":7}},"6":{"start":{"line":17,"column":8},"end":{"line":17,"column":64}},"7":{"start":{"line":20,"column":6},"end":{"line":20,"column":39}},"8":{"start":{"line":24,"column":2},"end":{"line":24,"column":21}},"9":{"start":{"line":28,"column":26},"end":{"line":28,"column":35}},"10":{"start":{"line":30,"column":22},"end":{"line":48,"column":3}},"11":{"start":{"line":32,"column":22},"end":{"line":32,"column":33}},"12":{"start":{"line":34,"column":6},"end":{"line":40,"column":7}},"13":{"start":{"line":35,"column":8},"end":{"line":39,"column":10}},"14":{"start":{"line":42,"column":6},"end":{"line":44,"column":7}},"15":{"start":{"line":43,"column":8},"end":{"line":43,"column":64}},"16":{"start":{"line":46,"column":6},"end":{"line":46,"column":39}},"17":{"start":{"line":50,"column":2},"end":{"line":50,"column":21}},"18":{"start":{"line":54,"column":22},"end":{"line":65,"column":3}},"19":{"start":{"line":56,"column":22},"end":{"line":56,"column":33}},"20":{"start":{"line":58,"column":6},"end":{"line":63,"column":8}},"21":{"start":{"line":60,"column":23},"end":{"line":60,"column":53}},"22":{"start":{"line":62,"column":8},"end":{"line":62,"column":22}},"23":{"start":{"line":67,"column":2},"end":{"line":67,"column":21}},"24":{"start":{"line":71,"column":22},"end":{"line":87,"column":3}},"25":{"start":{"line":73,"column":22},"end":{"line":73,"column":33}},"26":{"start":{"line":75,"column":6},"end":{"line":79,"column":7}},"27":{"start":{"line":76,"column":8},"end":{"line":78,"column":10}},"28":{"start":{"line":81,"column":6},"end":{"line":83,"column":7}},"29":{"start":{"line":82,"column":8},"end":{"line":82,"column":74}},"30":{"start":{"line":85,"column":6},"end":{"line":85,"column":39}},"31":{"start":{"line":89,"column":2},"end":{"line":89,"column":21}}},"fnMap":{"0":{"name":"nodes","decl":{"start":{"line":1,"column":9},"end":{"line":1,"column":14}},"loc":{"start":{"line":1,"column":26},"end":{"line":25,"column":1}},"line":1},"1":{"name":"(anonymous_1)","decl":{"start":{"line":5,"column":4},"end":{"line":5,"column":5}},"loc":{"start":{"line":5,"column":30},"end":{"line":21,"column":5}},"line":5},"2":{"name":"data","decl":{"start":{"line":27,"column":9},"end":{"line":27,"column":13}},"loc":{"start":{"line":27,"column":25},"end":{"line":51,"column":1}},"line":27},"3":{"name":"(anonymous_3)","decl":{"start":{"line":31,"column":4},"end":{"line":31,"column":5}},"loc":{"start":{"line":31,"column":30},"end":{"line":47,"column":5}},"line":31},"4":{"name":"methods","decl":{"start":{"line":53,"column":9},"end":{"line":53,"column":16}},"loc":{"start":{"line":53,"column":28},"end":{"line":68,"column":1}},"line":53},"5":{"name":"(anonymous_5)","decl":{"start":{"line":55,"column":4},"end":{"line":55,"column":5}},"loc":{"start":{"line":55,"column":21},"end":{"line":64,"column":5}},"line":55},"6":{"name":"(anonymous_6)","decl":{"start":{"line":58,"column":13},"end":{"line":58,"column":14}},"loc":{"start":{"line":58,"column":32},"end":{"line":63,"column":7}},"line":58},"7":{"name":"state","decl":{"start":{"line":70,"column":9},"end":{"line":70,"column":14}},"loc":{"start":{"line":70,"column":26},"end":{"line":90,"column":1}},"line":70},"8":{"name":"(anonymous_8)","decl":{"start":{"line":72,"column":4},"end":{"line":72,"column":5}},"loc":{"start":{"line":72,"column":30},"end":{"line":86,"column":5}},"line":72}},"branchMap":{"0":{"loc":{"start":{"line":8,"column":6},"end":{"line":14,"column":7}},"type":"if","locations":[{"start":{"line":8,"column":6},"end":{"line":14,"column":7}},{"start":{"line":8,"column":6},"end":{"line":14,"column":7}}],"line":8},"1":{"loc":{"start":{"line":8,"column":10},"end":{"line":8,"column":49}},"type":"binary-expr","locations":[{"start":{"line":8,"column":10},"end":{"line":8,"column":18}},{"start":{"line":8,"column":22},"end":{"line":8,"column":49}}],"line":8},"2":{"loc":{"start":{"line":11,"column":12},"end":{"line":11,"column":39}},"type":"binary-expr","locations":[{"start":{"line":11,"column":12},"end":{"line":11,"column":16}},{"start":{"line":11,"column":20},"end":{"line":11,"column":39}}],"line":11},"3":{"loc":{"start":{"line":16,"column":6},"end":{"line":18,"column":7}},"type":"if","locations":[{"start":{"line":16,"column":6},"end":{"line":18,"column":7}},{"start":{"line":16,"column":6},"end":{"line":18,"column":7}}],"line":16},"4":{"loc":{"start":{"line":34,"column":6},"end":{"line":40,"column":7}},"type":"if","locations":[{"start":{"line":34,"column":6},"end":{"line":40,"column":7}},{"start":{"line":34,"column":6},"end":{"line":40,"column":7}}],"line":34},"5":{"loc":{"start":{"line":37,"column":12},"end":{"line":37,"column":38}},"type":"binary-expr","locations":[{"start":{"line":37,"column":12},"end":{"line":37,"column":16}},{"start":{"line":37,"column":20},"end":{"line":37,"column":38}}],"line":37},"6":{"loc":{"start":{"line":42,"column":6},"end":{"line":44,"column":7}},"type":"if","locations":[{"start":{"line":42,"column":6},"end":{"line":44,"column":7}},{"start":{"line":42,"column":6},"end":{"line":44,"column":7}}],"line":42},"7":{"loc":{"start":{"line":75,"column":6},"end":{"line":79,"column":7}},"type":"if","locations":[{"start":{"line":75,"column":6},"end":{"line":79,"column":7}},{"start":{"line":75,"column":6},"end":{"line":79,"column":7}}],"line":75},"8":{"loc":{"start":{"line":81,"column":6},"end":{"line":83,"column":7}},"type":"if","locations":[{"start":{"line":81,"column":6},"end":{"line":83,"column":7}},{"start":{"line":81,"column":6},"end":{"line":83,"column":7}}],"line":81}},"s":{"0":4,"1":4,"2":2,"3":2,"4":1,"5":1,"6":1,"7":1,"8":4,"9":4,"10":4,"11":3,"12":3,"13":1,"14":2,"15":2,"16":2,"17":4,"18":4,"19":7,"20":7,"21":5,"22":4,"23":4,"24":2,"25":2,"26":2,"27":0,"28":2,"29":2,"30":2,"31":2},"f":{"0":4,"1":2,"2":4,"3":3,"4":4,"5":7,"6":5,"7":2,"8":2},"b":{"0":[1,1],"1":[2,2],"2":[1,1],"3":[1,0],"4":[1,2],"5":[1,1],"6":[2,0],"7":[0,2],"8":[2,0]},"_coverageSchema":"1a1c01bbd47fc00a2c39e90264f33305004495a9","hash":"ca09b3255fdbbf65a016e1f146c785f449eacdc1"}
,"/Users/dougalcantara/dev/website-toolbox/src/main.js": {"path":"/Users/dougalcantara/dev/website-toolbox/src/main.js","statementMap":{},"fnMap":{},"branchMap":{},"s":{},"f":{},"b":{},"_coverageSchema":"1a1c01bbd47fc00a2c39e90264f33305004495a9","hash":"a16cc9fa832bfec619fc240dfab3bb034d71b2a1"}
,"/Users/dougalcantara/dev/website-toolbox/src/util.js": {"path":"/Users/dougalcantara/dev/website-toolbox/src/util.js","statementMap":{"0":{"start":{"line":2,"column":14},"end":{"line":2,"column":16}},"1":{"start":{"line":4,"column":2},"end":{"line":20,"column":5}},"2":{"start":{"line":5,"column":21},"end":{"line":5,"column":34}},"3":{"start":{"line":6,"column":18},"end":{"line":6,"column":46}},"4":{"start":{"line":7,"column":18},"end":{"line":7,"column":41}},"5":{"start":{"line":8,"column":18},"end":{"line":8,"column":62}},"6":{"start":{"line":10,"column":4},"end":{"line":17,"column":5}},"7":{"start":{"line":11,"column":6},"end":{"line":11,"column":22}},"8":{"start":{"line":12,"column":6},"end":{"line":12,"column":13}},"9":{"start":{"line":13,"column":11},"end":{"line":17,"column":5}},"10":{"start":{"line":15,"column":6},"end":{"line":15,"column":26}},"11":{"start":{"line":16,"column":6},"end":{"line":16,"column":13}},"12":{"start":{"line":19,"column":4},"end":{"line":19,"column":39}},"13":{"start":{"line":22,"column":2},"end":{"line":22,"column":13}}},"fnMap":{"0":{"name":"queryNodes","decl":{"start":{"line":1,"column":16},"end":{"line":1,"column":26}},"loc":{"start":{"line":1,"column":45},"end":{"line":23,"column":1}},"line":1},"1":{"name":"(anonymous_1)","decl":{"start":{"line":4,"column":32},"end":{"line":4,"column":33}},"loc":{"start":{"line":4,"column":41},"end":{"line":20,"column":3}},"line":4}},"branchMap":{"0":{"loc":{"start":{"line":8,"column":18},"end":{"line":8,"column":62}},"type":"cond-expr","locations":[{"start":{"line":8,"column":26},"end":{"line":8,"column":44}},{"start":{"line":8,"column":47},"end":{"line":8,"column":62}}],"line":8},"1":{"loc":{"start":{"line":10,"column":4},"end":{"line":17,"column":5}},"type":"if","locations":[{"start":{"line":10,"column":4},"end":{"line":17,"column":5}},{"start":{"line":10,"column":4},"end":{"line":17,"column":5}}],"line":10},"2":{"loc":{"start":{"line":10,"column":8},"end":{"line":10,"column":24}},"type":"binary-expr","locations":[{"start":{"line":10,"column":8},"end":{"line":10,"column":14}},{"start":{"line":10,"column":18},"end":{"line":10,"column":24}}],"line":10},"3":{"loc":{"start":{"line":13,"column":11},"end":{"line":17,"column":5}},"type":"if","locations":[{"start":{"line":13,"column":11},"end":{"line":17,"column":5}},{"start":{"line":13,"column":11},"end":{"line":17,"column":5}}],"line":13},"4":{"loc":{"start":{"line":13,"column":15},"end":{"line":13,"column":40}},"type":"binary-expr","locations":[{"start":{"line":13,"column":15},"end":{"line":13,"column":20}},{"start":{"line":13,"column":24},"end":{"line":13,"column":40}}],"line":13}},"s":{"0":4,"1":4,"2":14,"3":14,"4":14,"5":14,"6":14,"7":2,"8":2,"9":12,"10":2,"11":2,"12":10,"13":4},"f":{"0":4,"1":14},"b":{"0":[4,10],"1":[2,12],"2":[14,10],"3":[2,10],"4":[12,8]},"_coverageSchema":"1a1c01bbd47fc00a2c39e90264f33305004495a9","hash":"d5100cbb44e65f9e3b43579d24f8385ed586188d"}
,"/Users/dougalcantara/dev/website-toolbox/test/fixtures/_document.js": {"path":"/Users/dougalcantara/dev/website-toolbox/test/fixtures/_document.js","statementMap":{"0":{"start":{"line":1,"column":0},"end":{"line":12,"column":2}}},"fnMap":{},"branchMap":{},"s":{"0":2},"f":{},"b":{},"_coverageSchema":"1a1c01bbd47fc00a2c39e90264f33305004495a9","hash":"8488352b73db1bf2741d6e8940a589700c66cd7e"}
,"/Users/dougalcantara/dev/website-toolbox/test/fixtures/anotherTestComponent.js": {"path":"/Users/dougalcantara/dev/website-toolbox/test/fixtures/anotherTestComponent.js","statementMap":{"0":{"start":{"line":4,"column":29},"end":{"line":13,"column":2}}},"fnMap":{},"branchMap":{},"s":{"0":2},"f":{},"b":{},"_coverageSchema":"1a1c01bbd47fc00a2c39e90264f33305004495a9","hash":"e7b4f46a6f5c8f3d7dd6b4261be8f43a44dd802b"}
,"/Users/dougalcantara/dev/website-toolbox/test/fixtures/testComponent.js": {"path":"/Users/dougalcantara/dev/website-toolbox/test/fixtures/testComponent.js","statementMap":{"0":{"start":{"line":4,"column":22},"end":{"line":46,"column":2}},"1":{"start":{"line":23,"column":6},"end":{"line":23,"column":42}},"2":{"start":{"line":30,"column":27},"end":{"line":30,"column":48}},"3":{"start":{"line":31,"column":6},"end":{"line":31,"column":72}},"4":{"start":{"line":38,"column":6},"end":{"line":38,"column":33}},"5":{"start":{"line":43,"column":6},"end":{"line":43,"column":28}}},"fnMap":{"0":{"name":"(anonymous_0)","decl":{"start":{"line":21,"column":4},"end":{"line":21,"column":5}},"loc":{"start":{"line":21,"column":12},"end":{"line":24,"column":5}},"line":21},"1":{"name":"(anonymous_1)","decl":{"start":{"line":25,"column":4},"end":{"line":25,"column":5}},"loc":{"start":{"line":25,"column":30},"end":{"line":25,"column":32}},"line":25},"2":{"name":"(anonymous_2)","decl":{"start":{"line":26,"column":4},"end":{"line":26,"column":5}},"loc":{"start":{"line":26,"column":39},"end":{"line":26,"column":41}},"line":26},"3":{"name":"(anonymous_3)","decl":{"start":{"line":29,"column":4},"end":{"line":29,"column":5}},"loc":{"start":{"line":29,"column":27},"end":{"line":32,"column":5}},"line":29},"4":{"name":"(anonymous_4)","decl":{"start":{"line":33,"column":4},"end":{"line":33,"column":5}},"loc":{"start":{"line":33,"column":20},"end":{"line":35,"column":5}},"line":33},"5":{"name":"(anonymous_5)","decl":{"start":{"line":37,"column":4},"end":{"line":37,"column":5}},"loc":{"start":{"line":37,"column":26},"end":{"line":39,"column":5}},"line":37},"6":{"name":"(anonymous_6)","decl":{"start":{"line":41,"column":4},"end":{"line":41,"column":5}},"loc":{"start":{"line":41,"column":36},"end":{"line":44,"column":5}},"line":41}},"branchMap":{},"s":{"0":2,"1":2,"2":2,"3":2,"4":2,"5":1},"f":{"0":2,"1":3,"2":2,"3":2,"4":0,"5":2,"6":1},"b":{},"_coverageSchema":"1a1c01bbd47fc00a2c39e90264f33305004495a9","hash":"c94d923c5a6daff2d6ea5b98c64e4dd13126b0e5"}
,"/Users/dougalcantara/dev/website-toolbox/test/fixtures/testContainer.js": {"path":"/Users/dougalcantara/dev/website-toolbox/test/fixtures/testContainer.js","statementMap":{"0":{"start":{"line":5,"column":19},"end":{"line":5,"column":56}},"1":{"start":{"line":6,"column":15},"end":{"line":15,"column":1}}},"fnMap":{},"branchMap":{},"s":{"0":2,"1":2},"f":{},"b":{},"_coverageSchema":"1a1c01bbd47fc00a2c39e90264f33305004495a9","hash":"3892fc2479448eb3cb509b36505fa310ed8ec58c"}
}
