{"/Users/dougalcantara/dev/website-toolbox/src/interceptors.js": {"path":"/Users/dougalcantara/dev/website-toolbox/src/interceptors.js","statementMap":{"0":{"start":{"line":2,"column":25},"end":{"line":23,"column":3}},"1":{"start":{"line":4,"column":6},"end":{"line":4,"column":25}},"2":{"start":{"line":7,"column":22},"end":{"line":7,"column":33}},"3":{"start":{"line":9,"column":6},"end":{"line":15,"column":7}},"4":{"start":{"line":10,"column":8},"end":{"line":14,"column":10}},"5":{"start":{"line":17,"column":6},"end":{"line":19,"column":7}},"6":{"start":{"line":18,"column":8},"end":{"line":18,"column":74}},"7":{"start":{"line":21,"column":6},"end":{"line":21,"column":39}},"8":{"start":{"line":25,"column":24},"end":{"line":56,"column":3}},"9":{"start":{"line":27,"column":26},"end":{"line":27,"column":37}},"10":{"start":{"line":29,"column":6},"end":{"line":35,"column":7}},"11":{"start":{"line":30,"column":8},"end":{"line":34,"column":10}},"12":{"start":{"line":37,"column":6},"end":{"line":37,"column":25}},"13":{"start":{"line":40,"column":22},"end":{"line":40,"column":33}},"14":{"start":{"line":42,"column":6},"end":{"line":48,"column":7}},"15":{"start":{"line":43,"column":8},"end":{"line":47,"column":10}},"16":{"start":{"line":50,"column":6},"end":{"line":52,"column":7}},"17":{"start":{"line":51,"column":8},"end":{"line":51,"column":74}},"18":{"start":{"line":54,"column":6},"end":{"line":54,"column":39}},"19":{"start":{"line":58,"column":27},"end":{"line":68,"column":3}},"20":{"start":{"line":60,"column":22},"end":{"line":60,"column":33}},"21":{"start":{"line":62,"column":6},"end":{"line":66,"column":8}},"22":{"start":{"line":63,"column":23},"end":{"line":63,"column":53}},"23":{"start":{"line":65,"column":8},"end":{"line":65,"column":22}}},"fnMap":{"0":{"name":"(anonymous_0)","decl":{"start":{"line":2,"column":9},"end":{"line":2,"column":10}},"loc":{"start":{"line":2,"column":25},"end":{"line":23,"column":3}},"line":2},"1":{"name":"(anonymous_1)","decl":{"start":{"line":3,"column":4},"end":{"line":3,"column":5}},"loc":{"start":{"line":3,"column":21},"end":{"line":5,"column":5}},"line":3},"2":{"name":"(anonymous_2)","decl":{"start":{"line":6,"column":4},"end":{"line":6,"column":5}},"loc":{"start":{"line":6,"column":30},"end":{"line":22,"column":5}},"line":6},"3":{"name":"(anonymous_3)","decl":{"start":{"line":25,"column":8},"end":{"line":25,"column":9}},"loc":{"start":{"line":25,"column":24},"end":{"line":56,"column":3}},"line":25},"4":{"name":"(anonymous_4)","decl":{"start":{"line":26,"column":4},"end":{"line":26,"column":5}},"loc":{"start":{"line":26,"column":21},"end":{"line":38,"column":5}},"line":26},"5":{"name":"(anonymous_5)","decl":{"start":{"line":39,"column":4},"end":{"line":39,"column":5}},"loc":{"start":{"line":39,"column":30},"end":{"line":55,"column":5}},"line":39},"6":{"name":"(anonymous_6)","decl":{"start":{"line":58,"column":11},"end":{"line":58,"column":12}},"loc":{"start":{"line":58,"column":27},"end":{"line":68,"column":3}},"line":58},"7":{"name":"(anonymous_7)","decl":{"start":{"line":59,"column":4},"end":{"line":59,"column":5}},"loc":{"start":{"line":59,"column":21},"end":{"line":67,"column":5}},"line":59},"8":{"name":"(anonymous_8)","decl":{"start":{"line":62,"column":13},"end":{"line":62,"column":14}},"loc":{"start":{"line":62,"column":32},"end":{"line":66,"column":7}},"line":62}},"branchMap":{"0":{"loc":{"start":{"line":9,"column":6},"end":{"line":15,"column":7}},"type":"if","locations":[{"start":{"line":9,"column":6},"end":{"line":15,"column":7}},{"start":{"line":9,"column":6},"end":{"line":15,"column":7}}],"line":9},"1":{"loc":{"start":{"line":9,"column":10},"end":{"line":9,"column":49}},"type":"binary-expr","locations":[{"start":{"line":9,"column":10},"end":{"line":9,"column":18}},{"start":{"line":9,"column":22},"end":{"line":9,"column":49}}],"line":9},"2":{"loc":{"start":{"line":12,"column":12},"end":{"line":12,"column":59}},"type":"binary-expr","locations":[{"start":{"line":12,"column":12},"end":{"line":12,"column":26}},{"start":{"line":12,"column":30},"end":{"line":12,"column":59}}],"line":12},"3":{"loc":{"start":{"line":17,"column":6},"end":{"line":19,"column":7}},"type":"if","locations":[{"start":{"line":17,"column":6},"end":{"line":19,"column":7}},{"start":{"line":17,"column":6},"end":{"line":19,"column":7}}],"line":17},"4":{"loc":{"start":{"line":29,"column":6},"end":{"line":35,"column":7}},"type":"if","locations":[{"start":{"line":29,"column":6},"end":{"line":35,"column":7}},{"start":{"line":29,"column":6},"end":{"line":35,"column":7}}],"line":29},"5":{"loc":{"start":{"line":32,"column":12},"end":{"line":32,"column":41}},"type":"binary-expr","locations":[{"start":{"line":32,"column":12},"end":{"line":32,"column":26}},{"start":{"line":32,"column":30},"end":{"line":32,"column":41}}],"line":32},"6":{"loc":{"start":{"line":42,"column":6},"end":{"line":48,"column":7}},"type":"if","locations":[{"start":{"line":42,"column":6},"end":{"line":48,"column":7}},{"start":{"line":42,"column":6},"end":{"line":48,"column":7}}],"line":42},"7":{"loc":{"start":{"line":45,"column":12},"end":{"line":45,"column":58}},"type":"binary-expr","locations":[{"start":{"line":45,"column":12},"end":{"line":45,"column":26}},{"start":{"line":45,"column":30},"end":{"line":45,"column":58}}],"line":45},"8":{"loc":{"start":{"line":50,"column":6},"end":{"line":52,"column":7}},"type":"if","locations":[{"start":{"line":50,"column":6},"end":{"line":52,"column":7}},{"start":{"line":50,"column":6},"end":{"line":52,"column":7}}],"line":50}},"s":{"0":1,"1":5,"2":2,"3":2,"4":1,"5":1,"6":1,"7":1,"8":1,"9":4,"10":4,"11":1,"12":3,"13":3,"14":3,"15":1,"16":2,"17":2,"18":2,"19":1,"20":5,"21":5,"22":4,"23":3},"f":{"0":1,"1":5,"2":2,"3":1,"4":4,"5":3,"6":1,"7":5,"8":4},"b":{"0":[1,1],"1":[2,2],"2":[1,1],"3":[1,0],"4":[1,3],"5":[1,0],"6":[1,2],"7":[1,1],"8":[2,0]},"_coverageSchema":"1a1c01bbd47fc00a2c39e90264f33305004495a9","hash":"0729ae3754a143633a523c68b09e04ebb5cf3688"}
,"/Users/dougalcantara/dev/website-toolbox/src/main.js": {"path":"/Users/dougalcantara/dev/website-toolbox/src/main.js","statementMap":{"0":{"start":{"line":9,"column":2},"end":{"line":9,"column":72}},"1":{"start":{"line":9,"column":43},"end":{"line":9,"column":69}},"2":{"start":{"line":11,"column":2},"end":{"line":14,"column":3}},"3":{"start":{"line":13,"column":4},"end":{"line":13,"column":50}},"4":{"start":{"line":16,"column":2},"end":{"line":19,"column":4}},"5":{"start":{"line":20,"column":2},"end":{"line":20,"column":60}},"6":{"start":{"line":21,"column":2},"end":{"line":21,"column":69}},"7":{"start":{"line":23,"column":2},"end":{"line":25,"column":3}},"8":{"start":{"line":24,"column":4},"end":{"line":24,"column":33}},"9":{"start":{"line":27,"column":2},"end":{"line":27,"column":25}},"10":{"start":{"line":29,"column":2},"end":{"line":29,"column":20}},"11":{"start":{"line":29,"column":15},"end":{"line":29,"column":19}}},"fnMap":{"0":{"name":"Component","decl":{"start":{"line":4,"column":24},"end":{"line":4,"column":33}},"loc":{"start":{"line":4,"column":45},"end":{"line":30,"column":1}},"line":4},"1":{"name":"(anonymous_1)","decl":{"start":{"line":9,"column":33},"end":{"line":9,"column":34}},"loc":{"start":{"line":9,"column":43},"end":{"line":9,"column":69}},"line":9},"2":{"name":"(anonymous_2)","decl":{"start":{"line":27,"column":16},"end":{"line":27,"column":17}},"loc":{"start":{"line":27,"column":22},"end":{"line":27,"column":24}},"line":27},"3":{"name":"(anonymous_3)","decl":{"start":{"line":29,"column":9},"end":{"line":29,"column":10}},"loc":{"start":{"line":29,"column":15},"end":{"line":29,"column":19}},"line":29}},"branchMap":{"0":{"loc":{"start":{"line":11,"column":2},"end":{"line":14,"column":3}},"type":"if","locations":[{"start":{"line":11,"column":2},"end":{"line":14,"column":3}},{"start":{"line":11,"column":2},"end":{"line":14,"column":3}}],"line":11},"1":{"loc":{"start":{"line":23,"column":2},"end":{"line":25,"column":3}},"type":"if","locations":[{"start":{"line":23,"column":2},"end":{"line":25,"column":3}},{"start":{"line":23,"column":2},"end":{"line":25,"column":3}}],"line":23}},"s":{"0":1,"1":6,"2":1,"3":1,"4":1,"5":1,"6":1,"7":1,"8":1,"9":1,"10":1,"11":1},"f":{"0":1,"1":6,"2":0,"3":1},"b":{"0":[1,0],"1":[1,0]},"_coverageSchema":"1a1c01bbd47fc00a2c39e90264f33305004495a9","hash":"e529a38847576bfbdba9308e917f0e55b2e7074a"}
,"/Users/dougalcantara/dev/website-toolbox/src/util.js": {"path":"/Users/dougalcantara/dev/website-toolbox/src/util.js","statementMap":{"0":{"start":{"line":2,"column":14},"end":{"line":2,"column":16}},"1":{"start":{"line":4,"column":2},"end":{"line":20,"column":5}},"2":{"start":{"line":5,"column":21},"end":{"line":5,"column":34}},"3":{"start":{"line":6,"column":18},"end":{"line":6,"column":46}},"4":{"start":{"line":7,"column":18},"end":{"line":7,"column":41}},"5":{"start":{"line":8,"column":18},"end":{"line":8,"column":62}},"6":{"start":{"line":10,"column":4},"end":{"line":17,"column":5}},"7":{"start":{"line":11,"column":6},"end":{"line":11,"column":22}},"8":{"start":{"line":12,"column":6},"end":{"line":12,"column":13}},"9":{"start":{"line":13,"column":11},"end":{"line":17,"column":5}},"10":{"start":{"line":15,"column":6},"end":{"line":15,"column":26}},"11":{"start":{"line":16,"column":6},"end":{"line":16,"column":13}},"12":{"start":{"line":19,"column":4},"end":{"line":19,"column":39}},"13":{"start":{"line":22,"column":2},"end":{"line":22,"column":13}}},"fnMap":{"0":{"name":"queryNodes","decl":{"start":{"line":1,"column":16},"end":{"line":1,"column":26}},"loc":{"start":{"line":1,"column":45},"end":{"line":23,"column":1}},"line":1},"1":{"name":"(anonymous_1)","decl":{"start":{"line":4,"column":32},"end":{"line":4,"column":33}},"loc":{"start":{"line":4,"column":41},"end":{"line":20,"column":3}},"line":4}},"branchMap":{"0":{"loc":{"start":{"line":8,"column":18},"end":{"line":8,"column":62}},"type":"cond-expr","locations":[{"start":{"line":8,"column":26},"end":{"line":8,"column":44}},{"start":{"line":8,"column":47},"end":{"line":8,"column":62}}],"line":8},"1":{"loc":{"start":{"line":10,"column":4},"end":{"line":17,"column":5}},"type":"if","locations":[{"start":{"line":10,"column":4},"end":{"line":17,"column":5}},{"start":{"line":10,"column":4},"end":{"line":17,"column":5}}],"line":10},"2":{"loc":{"start":{"line":10,"column":8},"end":{"line":10,"column":24}},"type":"binary-expr","locations":[{"start":{"line":10,"column":8},"end":{"line":10,"column":14}},{"start":{"line":10,"column":18},"end":{"line":10,"column":24}}],"line":10},"3":{"loc":{"start":{"line":13,"column":11},"end":{"line":17,"column":5}},"type":"if","locations":[{"start":{"line":13,"column":11},"end":{"line":17,"column":5}},{"start":{"line":13,"column":11},"end":{"line":17,"column":5}}],"line":13},"4":{"loc":{"start":{"line":13,"column":15},"end":{"line":13,"column":40}},"type":"binary-expr","locations":[{"start":{"line":13,"column":15},"end":{"line":13,"column":20}},{"start":{"line":13,"column":24},"end":{"line":13,"column":40}}],"line":13}},"s":{"0":1,"1":1,"2":5,"3":5,"4":5,"5":5,"6":5,"7":1,"8":1,"9":4,"10":1,"11":1,"12":3,"13":1},"f":{"0":1,"1":5},"b":{"0":[1,4],"1":[1,4],"2":[5,4],"3":[1,3],"4":[4,3]},"_coverageSchema":"1a1c01bbd47fc00a2c39e90264f33305004495a9","hash":"d5100cbb44e65f9e3b43579d24f8385ed586188d"}
}
