TN:
SF:src/Component.js
FN:4,Component
FN:9,(anonymous_1)
FN:39,(anonymous_2)
FN:42,(anonymous_3)
FNF:4
FNH:3
FNDA:4,Component
FNDA:22,(anonymous_1)
FNDA:7,(anonymous_2)
FNDA:0,(anonymous_3)
DA:9,22
DA:11,4
DA:13,4
DA:16,4
DA:23,4
DA:24,4
DA:27,4
DA:28,2
DA:31,4
DA:32,4
DA:35,4
DA:36,2
DA:39,4
DA:40,7
DA:42,7
DA:44,7
DA:46,7
LF:17
LH:17
BRDA:11,0,0,4
BRDA:11,0,1,0
BRDA:23,1,0,4
BRDA:23,1,1,0
BRDA:27,2,0,2
BRDA:27,2,1,2
BRDA:31,3,0,4
BRDA:31,3,1,0
BRDA:35,4,0,2
BRDA:35,4,1,2
BRF:10
BRH:7
end_of_record
TN:
SF:src/Container.js
FN:3,Container
FN:8,(anonymous_1)
FN:11,(anonymous_2)
FN:14,(anonymous_3)
FN:16,(anonymous_4)
FN:20,(anonymous_5)
FNF:6
FNH:6
FNDA:2,Container
FNDA:4,(anonymous_1)
FNDA:2,(anonymous_2)
FNDA:4,(anonymous_3)
FNDA:2,(anonymous_4)
FNDA:2,(anonymous_5)
DA:4,2
DA:5,2
DA:7,2
DA:8,4
DA:10,2
DA:12,2
DA:14,4
DA:16,2
DA:20,2
DA:21,2
DA:22,2
DA:26,2
DA:29,2
LF:13
LH:13
BRDA:3,0,0,0
BRDA:3,1,0,0
BRDA:4,2,0,2
BRDA:4,2,1,0
BRDA:26,3,0,2
BRDA:26,3,1,2
BRF:6
BRH:3
end_of_record
TN:
SF:src/interceptors.js
FN:1,nodes
FN:5,(anonymous_1)
FN:27,data
FN:31,(anonymous_3)
FN:53,methods
FN:55,(anonymous_5)
FN:58,(anonymous_6)
FN:70,state
FN:72,(anonymous_8)
FNF:9
FNH:9
FNDA:4,nodes
FNDA:2,(anonymous_1)
FNDA:4,data
FNDA:3,(anonymous_3)
FNDA:4,methods
FNDA:7,(anonymous_5)
FNDA:5,(anonymous_6)
FNDA:2,state
FNDA:2,(anonymous_8)
DA:2,4
DA:4,4
DA:6,2
DA:8,2
DA:9,1
DA:16,1
DA:17,1
DA:20,1
DA:24,4
DA:28,4
DA:30,4
DA:32,3
DA:34,3
DA:35,1
DA:42,2
DA:43,2
DA:46,2
DA:50,4
DA:54,4
DA:56,7
DA:58,7
DA:60,5
DA:62,4
DA:67,4
DA:71,2
DA:73,2
DA:75,2
DA:76,0
DA:81,2
DA:82,2
DA:85,2
DA:89,2
LF:32
LH:31
BRDA:8,0,0,1
BRDA:8,0,1,1
BRDA:8,1,0,2
BRDA:8,1,1,2
BRDA:11,2,0,1
BRDA:11,2,1,1
BRDA:16,3,0,1
BRDA:16,3,1,0
BRDA:34,4,0,1
BRDA:34,4,1,2
BRDA:37,5,0,1
BRDA:37,5,1,1
BRDA:42,6,0,2
BRDA:42,6,1,0
BRDA:75,7,0,0
BRDA:75,7,1,2
BRDA:81,8,0,2
BRDA:81,8,1,0
BRF:18
BRH:14
end_of_record
TN:
SF:src/main.js
FNF:0
FNH:0
LF:0
LH:0
BRF:0
BRH:0
end_of_record
TN:
SF:src/util.js
FN:1,queryNodes
FN:4,(anonymous_1)
FNF:2
FNH:2
FNDA:4,queryNodes
FNDA:14,(anonymous_1)
DA:2,4
DA:4,4
DA:5,14
DA:6,14
DA:7,14
DA:8,14
DA:10,14
DA:11,2
DA:12,2
DA:13,12
DA:15,2
DA:16,2
DA:19,10
DA:22,4
LF:14
LH:14
BRDA:8,0,0,4
BRDA:8,0,1,10
BRDA:10,1,0,2
BRDA:10,1,1,12
BRDA:10,2,0,14
BRDA:10,2,1,10
BRDA:13,3,0,2
BRDA:13,3,1,10
BRDA:13,4,0,12
BRDA:13,4,1,8
BRF:10
BRH:10
end_of_record
TN:
SF:test/fixtures/_document.js
FNF:0
FNH:0
DA:1,2
LF:1
LH:1
BRF:0
BRH:0
end_of_record
TN:
SF:test/fixtures/anotherTestComponent.js
FNF:0
FNH:0
DA:4,2
LF:1
LH:1
BRF:0
BRH:0
end_of_record
TN:
SF:test/fixtures/testComponent.js
FN:21,(anonymous_0)
FN:25,(anonymous_1)
FN:26,(anonymous_2)
FN:29,(anonymous_3)
FN:33,(anonymous_4)
FN:37,(anonymous_5)
FN:41,(anonymous_6)
FNF:7
FNH:6
FNDA:2,(anonymous_0)
FNDA:3,(anonymous_1)
FNDA:2,(anonymous_2)
FNDA:2,(anonymous_3)
FNDA:0,(anonymous_4)
FNDA:2,(anonymous_5)
FNDA:1,(anonymous_6)
DA:4,2
DA:23,2
DA:30,2
DA:31,2
DA:38,2
DA:43,1
LF:6
LH:6
BRF:0
BRH:0
end_of_record
TN:
SF:test/fixtures/testContainer.js
FNF:0
FNH:0
DA:5,2
DA:6,2
LF:2
LH:2
BRF:0
BRH:0
end_of_record
