TN:
SF:src/interceptors.js
FN:2,(anonymous_0)
FN:3,(anonymous_1)
FN:6,(anonymous_2)
FN:25,(anonymous_3)
FN:26,(anonymous_4)
FN:39,(anonymous_5)
FN:58,(anonymous_6)
FN:59,(anonymous_7)
FN:62,(anonymous_8)
FNF:9
FNH:9
FNDA:1,(anonymous_0)
FNDA:5,(anonymous_1)
FNDA:2,(anonymous_2)
FNDA:1,(anonymous_3)
FNDA:4,(anonymous_4)
FNDA:3,(anonymous_5)
FNDA:1,(anonymous_6)
FNDA:5,(anonymous_7)
FNDA:4,(anonymous_8)
DA:2,1
DA:4,5
DA:7,2
DA:9,2
DA:10,1
DA:17,1
DA:18,1
DA:21,1
DA:25,1
DA:27,4
DA:29,4
DA:30,1
DA:37,3
DA:40,3
DA:42,3
DA:43,1
DA:50,2
DA:51,2
DA:54,2
DA:58,1
DA:60,5
DA:62,5
DA:63,4
DA:65,3
LF:24
LH:24
BRDA:9,0,0,1
BRDA:9,0,1,1
BRDA:9,1,0,2
BRDA:9,1,1,2
BRDA:12,2,0,1
BRDA:12,2,1,1
BRDA:17,3,0,1
BRDA:17,3,1,0
BRDA:29,4,0,1
BRDA:29,4,1,3
BRDA:32,5,0,1
BRDA:32,5,1,0
BRDA:42,6,0,1
BRDA:42,6,1,2
BRDA:45,7,0,1
BRDA:45,7,1,1
BRDA:50,8,0,2
BRDA:50,8,1,0
BRF:18
BRH:15
end_of_record
TN:
SF:src/main.js
FN:4,Component
FN:9,(anonymous_1)
FN:27,(anonymous_2)
FN:29,(anonymous_3)
FNF:4
FNH:3
FNDA:1,Component
FNDA:6,(anonymous_1)
FNDA:0,(anonymous_2)
FNDA:1,(anonymous_3)
DA:9,6
DA:11,1
DA:13,1
DA:16,1
DA:20,1
DA:21,1
DA:23,1
DA:24,1
DA:27,1
DA:29,1
LF:10
LH:10
BRDA:11,0,0,1
BRDA:11,0,1,0
BRDA:23,1,0,1
BRDA:23,1,1,0
BRF:4
BRH:2
end_of_record
TN:
SF:src/util.js
FN:1,queryNodes
FN:4,(anonymous_1)
FNF:2
FNH:2
FNDA:1,queryNodes
FNDA:5,(anonymous_1)
DA:2,1
DA:4,1
DA:5,5
DA:6,5
DA:7,5
DA:8,5
DA:10,5
DA:11,1
DA:12,1
DA:13,4
DA:15,1
DA:16,1
DA:19,3
DA:22,1
LF:14
LH:14
BRDA:8,0,0,1
BRDA:8,0,1,4
BRDA:10,1,0,1
BRDA:10,1,1,4
BRDA:10,2,0,5
BRDA:10,2,1,4
BRDA:13,3,0,1
BRDA:13,3,1,3
BRDA:13,4,0,4
BRDA:13,4,1,3
BRF:10
BRH:10
end_of_record
